"*."//get all extentionless files
"*.exe"//all exes
"fofix.ini"//ini
"*.dll"//dlls
"src\*.*"//all src files
"src\midi\*.*"//all src/midi files
"po\*.*"//all translation .po source files
"..\FoFiX-wiki\*.*"//all wiki pages
"doc\*.*"//all other doc files
"data\*.*"//all data files
"data\mods\*.*"//all
"data\mods\Low Poly CD List\*.*"//all
"data\mods\MegaLight RB Notes\themes\MegaLight\*.*"//all
"data\necks\*.png"//all
"data\translations\*.*"//all
"data\themes\MegaLight\*.*"//all
"data\themes\MegaLight\menu\*.*"//all
"data\themes\MegaLight\sounds\*.*"//all
"data\themes\MegaLight\stages\*.png"//all
"data\themes\MegaLight\vocals\*.png"//all
"data\themes\MegaLight GH3\*.*"//all
"data\themes\MegaLight GH3\menu\*.*"//all
"data\themes\MegaLight GH3\sounds\*.*"//all
"data\themes\MegaLight GH3\stages\*.png"//all
"data\sounds\*.*"//all base sounds
"data\tutorials\bangbang\*.*"//all of Bang Bang Mystery Man
"data\tutorials\jurgenfof\*.*"//all of the original Jurgen FoF tutorial
"data\tutorials\drumtest\*.*"//all of Heka's Drum Test Song
"data\shaders\*.*"
"data\users\controllers\defaultd.ini"
"data\users\controllers\defaultg.ini"
"data\users\controllers\defaultm.ini"
"data\users\players\default.ini"
"data\users\players\default.png"